[debug] [2021-10-29T18:34:24.533Z] ----------------------------------------------------------------------
[debug] [2021-10-29T18:34:24.535Z] Command:       C:\Program Files\nodejs\node.exe C:\Users\svenp\AppData\Roaming\npm\node_modules\firebase-tools\lib\bin\firebase.js init hosting
[debug] [2021-10-29T18:34:24.535Z] CLI Version:   9.20.0
[debug] [2021-10-29T18:34:24.535Z] Platform:      win32
[debug] [2021-10-29T18:34:24.535Z] Node Version:  v16.9.1
[debug] [2021-10-29T18:34:24.535Z] Time:          Fri Oct 29 2021 14:34:24 GMT-0400 (Eastern Daylight Time)
[debug] [2021-10-29T18:34:24.535Z] ----------------------------------------------------------------------
[debug] 
[debug] [2021-10-29T18:34:24.571Z] > command requires scopes: ["email","openid","https://www.googleapis.com/auth/cloudplatformprojects.readonly","https://www.googleapis.com/auth/firebase","https://www.googleapis.com/auth/cloud-platform"]
[debug] [2021-10-29T18:34:24.571Z] > authorizing via signed-in user (svenpire@gmail.com)
[info] 
     ######## #### ########  ######## ########     ###     ######  ########
     ##        ##  ##     ## ##       ##     ##  ##   ##  ##       ##
     ######    ##  ########  ######   ########  #########  ######  ######
     ##        ##  ##    ##  ##       ##     ## ##     ##       ## ##
     ##       #### ##     ## ######## ########  ##     ##  ######  ########

You're about to initialize a Firebase project in this directory:

  C:\Users\svenp\Coding Projects\My Projects\Portfolio\SvenMoon

Before we get started, keep in mind:

  * You are initializing within an existing Firebase project directory

